<?xml version="1.0" encoding="UTF-8"?>
<!-- Generated by org.testng.reporters.JUnitReportReporter -->
<testsuite hostname="LAPTOP-JBJ6UA7U" failures="0" tests="1" name="com.app.Selenium.DBankproject.View_Saving_TRN" time="18.212" errors="0" timestamp="2023-12-08T15:47:27 IST" skipped="0">
  <testcase classname="com.app.Selenium.DBankproject.View_Saving_TRN" name="getbrowser" time="18.212"/>
</testsuite> <!-- com.app.Selenium.DBankproject.View_Saving_TRN -->
