<?xml version="1.0" encoding="UTF-8"?>
<!-- Generated by org.testng.reporters.JUnitReportReporter -->
<testsuite hostname="LAPTOP-JBJ6UA7U" failures="0" tests="2" name="pages.TestSavingPage" time="11.181" errors="0" timestamp="2023-12-07T18:47:04 IST" skipped="0">
  <testcase classname="pages.TestSavingPage" name="testSavingsPage" time="0.003"/>
  <system-out/>
  <testcase classname="pages.TestSavingPage" name="getbrowser" time="11.178"/>
  <system-out/>
</testsuite> <!-- pages.TestSavingPage -->
